<?xml version="1.0" encoding="UTF-8"?>
<!-- Generated by org.testng.reporters.JUnitXMLReporter -->
<testsuite ignored="3" hostname="LAPTOP-TG80PJEM" failures="0" tests="1" name="Default test" time="38.193" errors="0" timestamp="2024-06-13T16:35:33 IST">
  <testcase classname="com.tests.LoginPageTest" name="forgotPasswordTest" time="38.133"/>
  <testcase classname="com.tests.LoginPageTest" name="loginTest" time="0.0">
    <ignored/>
  </testcase> <!-- loginTest -->
  <testcase classname="com.tests.LoginPageTest" name="unvalidLoginTest" time="0.0">
    <ignored/>
  </testcase> <!-- unvalidLoginTest -->
  <testcase classname="com.tests.LoginPageTest" name="pageUrl" time="0.0">
    <ignored/>
  </testcase> <!-- pageUrl -->
</testsuite> <!-- Default test -->
