<?xml version="1.0" encoding="UTF-8"?>
<testng-results ignored="0" total="1" passed="1" failed="0" skipped="0">
  <reporter-output>
  </reporter-output>
  <suite started-at="2024-06-01T14:51:21 IST" name="Default suite" finished-at="2024-06-01T14:51:32 IST" duration-ms="11049">
    <groups>
    </groups>
    <test started-at="2024-06-01T14:51:21 IST" name="Default test" finished-at="2024-06-01T14:51:32 IST" duration-ms="11049">
      <class name="com.tests.LoginPageTest">
        <test-method is-config="true" signature="setup()[pri:0, instance:com.tests.LoginPageTest@229f66ed]" started-at="2024-06-01T14:51:21 IST" name="setup" finished-at="2024-06-01T14:51:21 IST" duration-ms="28" status="PASS">
          <reporter-output>
          </reporter-output>
        </test-method> <!-- setup -->
        <test-method signature="pageUrl()[pri:0, instance:com.tests.LoginPageTest@229f66ed]" started-at="2024-06-01T14:51:21 IST" name="pageUrl" finished-at="2024-06-01T14:51:32 IST" duration-ms="10971" status="PASS">
          <reporter-output>
          </reporter-output>
        </test-method> <!-- pageUrl -->
      </class> <!-- com.tests.LoginPageTest -->
    </test> <!-- Default test -->
  </suite> <!-- Default suite -->
</testng-results>
